Добавлено имя: Ввв
Добавлено имя: MYNAME
Добавлено имя: иапиап
Добавлено имя: каукаука
Добавлено имя: аукпукпук
Добавлено имя: ewed
Добавлено имя: 1111
Добавлено имя: 1111
Добавлено имя: 222
Добавлено имя: 33333
Добавлено имя: wefref
Добавлено имя: 22
Добавлено имя: 55
Добавлено имя: 111
Добавлено имя: 423423
Добавлено имя: 43534
Добавлено имя: 543534
Добавлено имя: 345345
Добавлено имя: 45r34234
Добавлено имя: 2345234
Добавлено имя: 434353434511
Добавлено имя: fwefer
Добавлено имя: erferw
Добавлено имя: oiuui
Добавлено имя: lkjlkjlj
Добавлено имя: kjllkjj
